{"/home/mistermaxis/Documents/GitHub/Microverse/Module 2/todo2.1/src/addTask.js": {"path":"/home/mistermaxis/Documents/GitHub/Microverse/Module 2/todo2.1/src/addTask.js","statementMap":{"0":{"start":{"line":1,"column":16},"end":{"line":10,"column":1}},"1":{"start":{"line":2,"column":18},"end":{"line":2,"column":46}},"2":{"start":{"line":3,"column":2},"end":{"line":3,"column":40}},"3":{"start":{"line":4,"column":2},"end":{"line":4,"column":32}},"4":{"start":{"line":5,"column":2},"end":{"line":5,"column":44}},"5":{"start":{"line":6,"column":2},"end":{"line":8,"column":6}},"6":{"start":{"line":9,"column":2},"end":{"line":9,"column":37}},"7":{"start":{"line":12,"column":0},"end":{"line":12,"column":25}}},"fnMap":{"0":{"name":"(anonymous_0)","decl":{"start":{"line":1,"column":16},"end":{"line":1,"column":17}},"loc":{"start":{"line":1,"column":26},"end":{"line":10,"column":1}},"line":1}},"branchMap":{},"s":{"0":1,"1":1,"2":1,"3":1,"4":1,"5":1,"6":1,"7":1},"f":{"0":1},"b":{},"_coverageSchema":"1a1c01bbd47fc00a2c39e90264f33305004495a9","hash":"91835936b45b1028d1618320beb5c8710b52c79f"}
,"/home/mistermaxis/Documents/GitHub/Microverse/Module 2/todo2.1/src/editItem.js": {"path":"/home/mistermaxis/Documents/GitHub/Microverse/Module 2/todo2.1/src/editItem.js","statementMap":{"0":{"start":{"line":2,"column":14},"end":{"line":2,"column":33}},"1":{"start":{"line":4,"column":2},"end":{"line":4,"column":45}},"2":{"start":{"line":5,"column":2},"end":{"line":5,"column":18}},"3":{"start":{"line":8,"column":0},"end":{"line":8,"column":26}}},"fnMap":{"0":{"name":"editItem","decl":{"start":{"line":1,"column":9},"end":{"line":1,"column":17}},"loc":{"start":{"line":1,"column":51},"end":{"line":6,"column":1}},"line":1}},"branchMap":{},"s":{"0":1,"1":1,"2":1,"3":1},"f":{"0":1},"b":{},"_coverageSchema":"1a1c01bbd47fc00a2c39e90264f33305004495a9","hash":"9255b7a79b49b7aa8c797c398f1b46a217a12acc"}
,"/home/mistermaxis/Documents/GitHub/Microverse/Module 2/todo2.1/src/removeTask.js": {"path":"/home/mistermaxis/Documents/GitHub/Microverse/Module 2/todo2.1/src/removeTask.js","statementMap":{"0":{"start":{"line":1,"column":19},"end":{"line":3,"column":1}},"1":{"start":{"line":2,"column":2},"end":{"line":2,"column":47}},"2":{"start":{"line":5,"column":0},"end":{"line":5,"column":28}}},"fnMap":{"0":{"name":"(anonymous_0)","decl":{"start":{"line":1,"column":19},"end":{"line":1,"column":20}},"loc":{"start":{"line":1,"column":32},"end":{"line":3,"column":1}},"line":1}},"branchMap":{},"s":{"0":1,"1":1,"2":1},"f":{"0":1},"b":{},"_coverageSchema":"1a1c01bbd47fc00a2c39e90264f33305004495a9","hash":"55d91f1672639a482e3ab5693961ba28937071b5"}
,"/home/mistermaxis/Documents/GitHub/Microverse/Module 2/todo2.1/src/status.js": {"path":"/home/mistermaxis/Documents/GitHub/Microverse/Module 2/todo2.1/src/status.js","statementMap":{"0":{"start":{"line":2,"column":22},"end":{"line":2,"column":60}},"1":{"start":{"line":4,"column":2},"end":{"line":4,"column":53}}},"fnMap":{"0":{"name":"UpdateStatus","decl":{"start":{"line":1,"column":9},"end":{"line":1,"column":21}},"loc":{"start":{"line":1,"column":35},"end":{"line":5,"column":1}},"line":1}},"branchMap":{},"s":{"0":1,"1":1},"f":{"0":1},"b":{},"_coverageSchema":"1a1c01bbd47fc00a2c39e90264f33305004495a9","hash":"3ad83421cee37b6b933bdaa71622087a5dfbbdd8"}
,"/home/mistermaxis/Documents/GitHub/Microverse/Module 2/todo2.1/src/updateIndex.js": {"path":"/home/mistermaxis/Documents/GitHub/Microverse/Module 2/todo2.1/src/updateIndex.js","statementMap":{"0":{"start":{"line":2,"column":17},"end":{"line":2,"column":33}},"1":{"start":{"line":4,"column":4},"end":{"line":4,"column":40}},"2":{"start":{"line":6,"column":4},"end":{"line":6,"column":28}},"3":{"start":{"line":9,"column":0},"end":{"line":9,"column":29}}},"fnMap":{"0":{"name":"updateIndex","decl":{"start":{"line":1,"column":9},"end":{"line":1,"column":20}},"loc":{"start":{"line":1,"column":47},"end":{"line":7,"column":1}},"line":1}},"branchMap":{},"s":{"0":1,"1":1,"2":1,"3":1},"f":{"0":1},"b":{},"_coverageSchema":"1a1c01bbd47fc00a2c39e90264f33305004495a9","hash":"36e2d2cfb8a03bdfc6984788b69660cf03c7772e"}
}
