TN:
SF:src/addTask.js
FN:1,(anonymous_0)
FNF:1
FNH:1
FNDA:1,(anonymous_0)
DA:1,1
DA:2,1
DA:3,1
DA:4,1
DA:5,1
DA:6,1
DA:9,1
DA:12,1
LF:8
LH:8
BRF:0
BRH:0
end_of_record
TN:
SF:src/clearCompleted.js
FN:1,clearAll
FN:2,(anonymous_1)
FNF:2
FNH:2
FNDA:1,clearAll
FNDA:3,(anonymous_1)
DA:2,3
DA:5,1
LF:2
LH:2
BRF:0
BRH:0
end_of_record
TN:
SF:src/editItem.js
FN:1,editItem
FNF:1
FNH:1
FNDA:1,editItem
DA:2,1
DA:4,1
DA:5,1
DA:8,1
LF:4
LH:4
BRF:0
BRH:0
end_of_record
TN:
SF:src/removeTask.js
FN:1,(anonymous_0)
FNF:1
FNH:1
FNDA:1,(anonymous_0)
DA:1,1
DA:2,1
DA:5,1
LF:3
LH:3
BRF:0
BRH:0
end_of_record
TN:
SF:src/status.js
FN:1,UpdateStatus
FNF:1
FNH:1
FNDA:1,UpdateStatus
DA:2,1
DA:4,1
LF:2
LH:2
BRF:0
BRH:0
end_of_record
TN:
SF:src/updateIndex.js
FN:1,updateIndex
FNF:1
FNH:1
FNDA:1,updateIndex
DA:2,1
DA:4,1
DA:6,1
DA:9,1
LF:4
LH:4
BRF:0
BRH:0
end_of_record
